<?xml version="1.0" encoding="UTF-8"?>
<testsuite xmlns:xsi="http://www.w3.org/2001/XMLSchema-instance" xsi:noNamespaceSchemaLocation="https://maven.apache.org/surefire/maven-surefire-plugin/xsd/surefire-test-report.xsd" name="com.edu.nefu.zyx.AppTest" time="0.015" tests="1" errors="0" skipped="0" failures="0">
  <properties>
    <property name="sun.desktop" value="windows"/>
    <property name="awt.toolkit" value="sun.awt.windows.WToolkit"/>
    <property name="file.encoding.pkg" value="sun.io"/>
    <property name="java.specification.version" value="1.8"/>
    <property name="sun.cpu.isalist" value="amd64"/>
    <property name="sun.jnu.encoding" value="GBK"/>
    <property name="java.class.path" value="D:\IdeaProjects\new_libd3c\new_libd3c\target\test-classes;D:\IdeaProjects\new_libd3c\new_libd3c\target\classes;D:\Maven\LocalWareHouse\junit\junit\4.11\junit-4.11.jar;D:\Maven\LocalWareHouse\org\hamcrest\hamcrest-core\1.3\hamcrest-core-1.3.jar;D:\Maven\LocalWareHouse\nz\ac\waikato\cms\weka\weka-stable\3.8.5\weka-stable-3.8.5.jar;D:\Maven\LocalWareHouse\log4j\log4j\1.2.12\log4j-1.2.12.jar;D:\Maven\LocalWareHouse\dom4j\dom4j\1.6.1\dom4j-1.6.1.jar;"/>
    <property name="java.vm.vendor" value="Amazon.com Inc."/>
    <property name="sun.arch.data.model" value="64"/>
    <property name="user.variant" value=""/>
    <property name="java.vendor.url" value="https://aws.amazon.com/corretto/"/>
    <property name="user.timezone" value="Asia/Shanghai"/>
    <property name="java.vm.specification.version" value="1.8"/>
    <property name="os.name" value="Windows 10"/>
    <property name="user.country" value="CN"/>
    <property name="sun.java.launcher" value="SUN_STANDARD"/>
    <property name="sun.boot.library.path" value="C:\Users\Administrator\.jdks\corretto-1.8.0_292\jre\bin"/>
    <property name="sun.java.command" value="C:\Users\ADMINI~1\AppData\Local\Temp\surefire3877511656155635638\surefirebooter2654552389415691028.jar C:\Users\Administrator\AppData\Local\Temp\surefire3877511656155635638 2021-06-23T19-27-42_129-jvmRun1 surefire2887413716338298472tmp surefire_01766607230763353227tmp"/>
    <property name="surefire.test.class.path" value="D:\IdeaProjects\new_libd3c\new_libd3c\target\test-classes;D:\IdeaProjects\new_libd3c\new_libd3c\target\classes;D:\Maven\LocalWareHouse\junit\junit\4.11\junit-4.11.jar;D:\Maven\LocalWareHouse\org\hamcrest\hamcrest-core\1.3\hamcrest-core-1.3.jar;D:\Maven\LocalWareHouse\nz\ac\waikato\cms\weka\weka-stable\3.8.5\weka-stable-3.8.5.jar;D:\Maven\LocalWareHouse\log4j\log4j\1.2.12\log4j-1.2.12.jar;D:\Maven\LocalWareHouse\dom4j\dom4j\1.6.1\dom4j-1.6.1.jar;"/>
    <property name="sun.cpu.endian" value="little"/>
    <property name="user.home" value="C:\Users\Administrator"/>
    <property name="user.language" value="zh"/>
    <property name="java.specification.vendor" value="Oracle Corporation"/>
    <property name="java.home" value="C:\Users\Administrator\.jdks\corretto-1.8.0_292\jre"/>
    <property name="basedir" value="D:\IdeaProjects\new_libd3c\new_libd3c"/>
    <property name="file.separator" value="\"/>
    <property name="line.separator" value="&#10;"/>
    <property name="java.vm.specification.vendor" value="Oracle Corporation"/>
    <property name="java.specification.name" value="Java Platform API Specification"/>
    <property name="java.awt.graphicsenv" value="sun.awt.Win32GraphicsEnvironment"/>
    <property name="surefire.real.class.path" value="C:\Users\ADMINI~1\AppData\Local\Temp\surefire3877511656155635638\surefirebooter2654552389415691028.jar"/>
    <property name="sun.boot.class.path" value="C:\Users\Administrator\.jdks\corretto-1.8.0_292\jre\lib\resources.jar;C:\Users\Administrator\.jdks\corretto-1.8.0_292\jre\lib\rt.jar;C:\Users\Administrator\.jdks\corretto-1.8.0_292\jre\lib\sunrsasign.jar;C:\Users\Administrator\.jdks\corretto-1.8.0_292\jre\lib\jsse.jar;C:\Users\Administrator\.jdks\corretto-1.8.0_292\jre\lib\jce.jar;C:\Users\Administrator\.jdks\corretto-1.8.0_292\jre\lib\charsets.jar;C:\Users\Administrator\.jdks\corretto-1.8.0_292\jre\lib\jfr.jar;C:\Users\Administrator\.jdks\corretto-1.8.0_292\jre\classes"/>
    <property name="user.script" value=""/>
    <property name="sun.management.compiler" value="HotSpot 64-Bit Tiered Compilers"/>
    <property name="java.runtime.version" value="1.8.0_292-b10"/>
    <property name="user.name" value="Administrator"/>
    <property name="path.separator" value=";"/>
    <property name="os.version" value="10.0"/>
    <property name="java.endorsed.dirs" value="C:\Users\Administrator\.jdks\corretto-1.8.0_292\jre\lib\endorsed"/>
    <property name="java.runtime.name" value="OpenJDK Runtime Environment"/>
    <property name="file.encoding" value="GBK"/>
    <property name="java.vm.name" value="OpenJDK 64-Bit Server VM"/>
    <property name="localRepository" value="D:\Maven\LocalWareHouse"/>
    <property name="java.vendor.url.bug" value="https://github.com/corretto/corretto-8/issues/"/>
    <property name="java.io.tmpdir" value="C:\Users\ADMINI~1\AppData\Local\Temp\"/>
    <property name="idea.version" value="2021.1.1"/>
    <property name="java.version" value="1.8.0_292"/>
    <property name="user.dir" value="D:\IdeaProjects\new_libd3c\new_libd3c"/>
    <property name="os.arch" value="amd64"/>
    <property name="java.vm.specification.name" value="Java Virtual Machine Specification"/>
    <property name="java.awt.printerjob" value="sun.awt.windows.WPrinterJob"/>
    <property name="sun.os.patch.level" value=""/>
    <property name="java.library.path" value="C:\Users\Administrator\.jdks\corretto-1.8.0_292\jre\bin;C:\WINDOWS\Sun\Java\bin;C:\WINDOWS\system32;C:\WINDOWS;C:\Program Files\Common Files\Oracle\Java\javapath;C:\WINDOWS\system32;C:\WINDOWS;C:\WINDOWS\System32\Wbem;C:\WINDOWS\System32\WindowsPowerShell\v1.0\;C:\WINDOWS\System32\OpenSSH\;C:\Program Files\Java\jdk-16\bin;C:\Program Files\Java\jdk-16\jre\bin;D:\Program Files\PuTTY\;D:\Maven\apache-maven-3.8.1\bin;D:\Program Files\Git\cmd;C:\Users\Administrator\AppData\Local\Programs\Python\Python39\Scripts\;C:\Users\Administrator\AppData\Local\Programs\Python\Python39\;C:\Users\Administrator\AppData\Local\Microsoft\WindowsApps;;."/>
    <property name="java.vm.info" value="mixed mode"/>
    <property name="java.vendor" value="Amazon.com Inc."/>
    <property name="java.vm.version" value="25.292-b10"/>
    <property name="java.ext.dirs" value="C:\Users\Administrator\.jdks\corretto-1.8.0_292\jre\lib\ext;C:\WINDOWS\Sun\Java\lib\ext"/>
    <property name="sun.io.unicode.encoding" value="UnicodeLittle"/>
    <property name="maven.repo.local" value="D:\Maven\LocalWareHouse"/>
    <property name="java.class.version" value="52.0"/>
  </properties>
  <testcase name="shouldAnswerWithTrue" classname="com.edu.nefu.zyx.AppTest" time="0"/>
</testsuite>